c:\users\braiden.braaten\documents\visual studio 2015\projects\componentsystem\componentsystem\debug\vc140.pdb
c:\users\braiden.braaten\documents\visual studio 2015\projects\componentsystem\componentsystem\debug\vc140.idb
c:\users\braiden.braaten\documents\visual studio 2015\projects\componentsystem\componentsystem\debug\componentmanager.obj
c:\users\braiden.braaten\documents\visual studio 2015\projects\componentsystem\componentsystem\debug\gameobject.obj
c:\users\braiden.braaten\documents\visual studio 2015\projects\componentsystem\componentsystem\debug\inputmanager.obj
c:\users\braiden.braaten\documents\visual studio 2015\projects\componentsystem\componentsystem\debug\main.obj
c:\users\braiden.braaten\documents\visual studio 2015\projects\componentsystem\componentsystem\debug\physicsmanager.obj
c:\users\braiden.braaten\documents\visual studio 2015\projects\componentsystem\componentsystem\debug\renderingmanager.obj
c:\users\braiden.braaten\documents\visual studio 2015\projects\componentsystem\componentsystem\debug\component.obj
c:\users\braiden.braaten\documents\visual studio 2015\projects\componentsystem\componentsystem\debug\transform.obj
c:\users\braiden.braaten\source\repos\componentsystem\componentsystem\debug\vc140.pdb
c:\users\braiden.braaten\source\repos\componentsystem\componentsystem\debug\vc140.idb
c:\users\braiden.braaten\source\repos\componentsystem\componentsystem\debug\component.obj
c:\users\braiden.braaten\source\repos\componentsystem\componentsystem\debug\componentmanager.obj
c:\users\braiden.braaten\source\repos\componentsystem\componentsystem\debug\gameobject.obj
c:\users\braiden.braaten\source\repos\componentsystem\componentsystem\debug\inputmanager.obj
c:\users\braiden.braaten\source\repos\componentsystem\componentsystem\debug\main.obj
c:\users\braiden.braaten\source\repos\componentsystem\componentsystem\debug\physicsmanager.obj
c:\users\braiden.braaten\source\repos\componentsystem\componentsystem\debug\renderingmanager.obj
c:\users\braiden.braaten\source\repos\componentsystem\componentsystem\debug\transform.obj
c:\users\braiden.braaten\documents\visual studio 2015\projects\componentsystem\debug\componentsystem.ilk
c:\users\braiden.braaten\documents\visual studio 2015\projects\componentsystem\debug\componentsystem.exe
c:\users\braiden.braaten\documents\visual studio 2015\projects\componentsystem\debug\componentsystem.pdb
c:\users\braiden.braaten\source\repos\componentsystem\debug\componentsystem.pdb
c:\users\braiden.braaten\source\repos\componentsystem\componentsystem\debug\componentsystem.tlog\cl.command.1.tlog
c:\users\braiden.braaten\source\repos\componentsystem\componentsystem\debug\componentsystem.tlog\cl.read.1.tlog
c:\users\braiden.braaten\source\repos\componentsystem\componentsystem\debug\componentsystem.tlog\cl.write.1.tlog
c:\users\braiden.braaten\source\repos\componentsystem\componentsystem\debug\componentsystem.tlog\link-cvtres.read.1.tlog
c:\users\braiden.braaten\source\repos\componentsystem\componentsystem\debug\componentsystem.tlog\link-cvtres.write.1.tlog
c:\users\braiden.braaten\source\repos\componentsystem\componentsystem\debug\componentsystem.tlog\link-rc.read.1.tlog
c:\users\braiden.braaten\source\repos\componentsystem\componentsystem\debug\componentsystem.tlog\link-rc.write.1.tlog
c:\users\braiden.braaten\source\repos\componentsystem\componentsystem\debug\componentsystem.tlog\link.command.1.tlog
c:\users\braiden.braaten\source\repos\componentsystem\componentsystem\debug\componentsystem.tlog\link.read.1.tlog
c:\users\braiden.braaten\source\repos\componentsystem\componentsystem\debug\componentsystem.tlog\link.write.1.tlog
