  Transform.cpp
  Sprite.cpp
  Source.cpp
  RigidBody.cpp
  LifeTime.cpp
  GameStates.cpp
  GameObjects.cpp
  Component.cpp
  Collider.cpp
  Generating Code...
c:\users\braiden.braaten\downloads\my-math-library-refactor\my-math-library-refactor\visual interface\collider.cpp(50): warning C4715: 'bab::Collider::getColPos': not all control paths return a value
sfw.lib(gl_core_4_4.obj) : warning LNK4099: PDB 'nsfw2draw.pdb' was not found with 'sfw.lib(gl_core_4_4.obj)' or at 'C:\Users\braiden.braaten\Downloads\My-Math-Library-refactor\My-Math-Library-refactor\Debug\nsfw2draw.pdb'; linking object as if no debug info
sfw.lib(crenderutils.obj) : warning LNK4099: PDB 'nsfw2draw.pdb' was not found with 'sfw.lib(crenderutils.obj)' or at 'C:\Users\braiden.braaten\Downloads\My-Math-Library-refactor\My-Math-Library-refactor\Debug\nsfw2draw.pdb'; linking object as if no debug info
sfw.lib(sfwdraw.obj) : warning LNK4099: PDB 'nsfw2draw.pdb' was not found with 'sfw.lib(sfwdraw.obj)' or at 'C:\Users\braiden.braaten\Downloads\My-Math-Library-refactor\My-Math-Library-refactor\Debug\nsfw2draw.pdb'; linking object as if no debug info
sfw.lib(wgl_context.obj) : warning LNK4099: PDB 'glfw.pdb' was not found with 'sfw.lib(wgl_context.obj)' or at 'C:\Users\braiden.braaten\Downloads\My-Math-Library-refactor\My-Math-Library-refactor\Debug\glfw.pdb'; linking object as if no debug info
sfw.lib(winmm_joystick.obj) : warning LNK4099: PDB 'glfw.pdb' was not found with 'sfw.lib(winmm_joystick.obj)' or at 'C:\Users\braiden.braaten\Downloads\My-Math-Library-refactor\My-Math-Library-refactor\Debug\glfw.pdb'; linking object as if no debug info
sfw.lib(win32_window.obj) : warning LNK4099: PDB 'glfw.pdb' was not found with 'sfw.lib(win32_window.obj)' or at 'C:\Users\braiden.braaten\Downloads\My-Math-Library-refactor\My-Math-Library-refactor\Debug\glfw.pdb'; linking object as if no debug info
sfw.lib(win32_tls.obj) : warning LNK4099: PDB 'glfw.pdb' was not found with 'sfw.lib(win32_tls.obj)' or at 'C:\Users\braiden.braaten\Downloads\My-Math-Library-refactor\My-Math-Library-refactor\Debug\glfw.pdb'; linking object as if no debug info
sfw.lib(win32_time.obj) : warning LNK4099: PDB 'glfw.pdb' was not found with 'sfw.lib(win32_time.obj)' or at 'C:\Users\braiden.braaten\Downloads\My-Math-Library-refactor\My-Math-Library-refactor\Debug\glfw.pdb'; linking object as if no debug info
sfw.lib(win32_monitor.obj) : warning LNK4099: PDB 'glfw.pdb' was not found with 'sfw.lib(win32_monitor.obj)' or at 'C:\Users\braiden.braaten\Downloads\My-Math-Library-refactor\My-Math-Library-refactor\Debug\glfw.pdb'; linking object as if no debug info
sfw.lib(win32_init.obj) : warning LNK4099: PDB 'glfw.pdb' was not found with 'sfw.lib(win32_init.obj)' or at 'C:\Users\braiden.braaten\Downloads\My-Math-Library-refactor\My-Math-Library-refactor\Debug\glfw.pdb'; linking object as if no debug info
sfw.lib(window.obj) : warning LNK4099: PDB 'glfw.pdb' was not found with 'sfw.lib(window.obj)' or at 'C:\Users\braiden.braaten\Downloads\My-Math-Library-refactor\My-Math-Library-refactor\Debug\glfw.pdb'; linking object as if no debug info
sfw.lib(monitor.obj) : warning LNK4099: PDB 'glfw.pdb' was not found with 'sfw.lib(monitor.obj)' or at 'C:\Users\braiden.braaten\Downloads\My-Math-Library-refactor\My-Math-Library-refactor\Debug\glfw.pdb'; linking object as if no debug info
sfw.lib(input.obj) : warning LNK4099: PDB 'glfw.pdb' was not found with 'sfw.lib(input.obj)' or at 'C:\Users\braiden.braaten\Downloads\My-Math-Library-refactor\My-Math-Library-refactor\Debug\glfw.pdb'; linking object as if no debug info
sfw.lib(init.obj) : warning LNK4099: PDB 'glfw.pdb' was not found with 'sfw.lib(init.obj)' or at 'C:\Users\braiden.braaten\Downloads\My-Math-Library-refactor\My-Math-Library-refactor\Debug\glfw.pdb'; linking object as if no debug info
sfw.lib(context.obj) : warning LNK4099: PDB 'glfw.pdb' was not found with 'sfw.lib(context.obj)' or at 'C:\Users\braiden.braaten\Downloads\My-Math-Library-refactor\My-Math-Library-refactor\Debug\glfw.pdb'; linking object as if no debug info
myMathLibrary.lib(Circle.obj) : warning LNK4204: 'C:\Users\braiden.braaten\Downloads\My-Math-Library-refactor\My-Math-Library-refactor\Debug\myMathLibrary.pdb' is missing debugging information for referencing module; linking object as if no debug info
myMathLibrary.lib(mat3.obj) : warning LNK4204: 'C:\Users\braiden.braaten\Downloads\My-Math-Library-refactor\My-Math-Library-refactor\Debug\myMathLibrary.pdb' is missing debugging information for referencing module; linking object as if no debug info
myMathLibrary.lib(Rectangle.obj) : warning LNK4204: 'C:\Users\braiden.braaten\Downloads\My-Math-Library-refactor\My-Math-Library-refactor\Debug\myMathLibrary.pdb' is missing debugging information for referencing module; linking object as if no debug info
myMathLibrary.lib(vec2.obj) : warning LNK4204: 'C:\Users\braiden.braaten\Downloads\My-Math-Library-refactor\My-Math-Library-refactor\Debug\myMathLibrary.pdb' is missing debugging information for referencing module; linking object as if no debug info
  Visual InterFace.vcxproj -> C:\Users\braiden.braaten\Downloads\My-Math-Library-refactor\My-Math-Library-refactor\Debug\Visual InterFace.exe
  Visual InterFace.vcxproj -> C:\Users\braiden.braaten\Downloads\My-Math-Library-refactor\My-Math-Library-refactor\Debug\Visual InterFace.pdb (Full PDB)
