c:\users\braiden.braaten\source\repos\componentsystem\visual interface\debug\vc140.pdb
c:\users\braiden.braaten\source\repos\componentsystem\visual interface\debug\vc140.idb
c:\users\braiden.braaten\source\repos\componentsystem\visual interface\debug\collider.obj
c:\users\braiden.braaten\source\repos\componentsystem\visual interface\debug\component.obj
c:\users\braiden.braaten\source\repos\componentsystem\visual interface\debug\gameobjects.obj
c:\users\braiden.braaten\source\repos\componentsystem\visual interface\debug\gamestates.obj
c:\users\braiden.braaten\source\repos\componentsystem\visual interface\debug\lifetime.obj
c:\users\braiden.braaten\source\repos\componentsystem\visual interface\debug\rigidbody.obj
c:\users\braiden.braaten\source\repos\componentsystem\visual interface\debug\source.obj
c:\users\braiden.braaten\source\repos\componentsystem\visual interface\debug\sprite.obj
c:\users\braiden.braaten\source\repos\componentsystem\visual interface\debug\transform.obj
c:\users\braiden.braaten\source\repos\componentsystem\debug\visual interface.ilk
c:\users\braiden.braaten\source\repos\componentsystem\debug\visual interface.exe
c:\users\braiden.braaten\source\repos\componentsystem\debug\visual interface.pdb
c:\users\braiden.braaten\source\repos\componentsystem\visual interface\debug\visual interface.tlog\cl.command.1.tlog
c:\users\braiden.braaten\source\repos\componentsystem\visual interface\debug\visual interface.tlog\cl.read.1.tlog
c:\users\braiden.braaten\source\repos\componentsystem\visual interface\debug\visual interface.tlog\cl.write.1.tlog
c:\users\braiden.braaten\source\repos\componentsystem\visual interface\debug\visual interface.tlog\link.command.1.tlog
c:\users\braiden.braaten\source\repos\componentsystem\visual interface\debug\visual interface.tlog\link.read.1.tlog
c:\users\braiden.braaten\source\repos\componentsystem\visual interface\debug\visual interface.tlog\link.write.1.tlog
