c:\users\braiden.braaten\source\repos\componentsystem\mymathlibrary\debug\mymathlibrary.pdb
c:\users\braiden.braaten\source\repos\componentsystem\mymathlibrary\debug\mymathlibrary.idb
c:\users\braiden.braaten\source\repos\componentsystem\mymathlibrary\debug\circle.obj
c:\users\braiden.braaten\source\repos\componentsystem\mymathlibrary\debug\collision.obj
c:\users\braiden.braaten\source\repos\componentsystem\mymathlibrary\debug\mat3.obj
c:\users\braiden.braaten\source\repos\componentsystem\mymathlibrary\debug\mat4.obj
c:\users\braiden.braaten\source\repos\componentsystem\mymathlibrary\debug\plane2d.obj
c:\users\braiden.braaten\source\repos\componentsystem\mymathlibrary\debug\ray2d.obj
c:\users\braiden.braaten\source\repos\componentsystem\mymathlibrary\debug\rectangle.obj
c:\users\braiden.braaten\source\repos\componentsystem\mymathlibrary\debug\source.obj
c:\users\braiden.braaten\source\repos\componentsystem\mymathlibrary\debug\vec2.obj
c:\users\braiden.braaten\source\repos\componentsystem\mymathlibrary\debug\vec3.obj
c:\users\braiden.braaten\source\repos\componentsystem\mymathlibrary\debug\vec4.obj
c:\users\braiden.braaten\source\repos\componentsystem\debug\mymathlibrary.lib
c:\users\braiden.braaten\source\repos\componentsystem\debug\mymathlibrary.pdb
c:\users\braiden.braaten\source\repos\componentsystem\mymathlibrary\debug\mymathlibrary.tlog\cl.command.1.tlog
c:\users\braiden.braaten\source\repos\componentsystem\mymathlibrary\debug\mymathlibrary.tlog\cl.read.1.tlog
c:\users\braiden.braaten\source\repos\componentsystem\mymathlibrary\debug\mymathlibrary.tlog\cl.write.1.tlog
c:\users\braiden.braaten\source\repos\componentsystem\mymathlibrary\debug\mymathlibrary.tlog\lib-link.read.1.tlog
c:\users\braiden.braaten\source\repos\componentsystem\mymathlibrary\debug\mymathlibrary.tlog\lib-link.write.1.tlog
c:\users\braiden.braaten\source\repos\componentsystem\mymathlibrary\debug\mymathlibrary.tlog\lib.command.1.tlog
